Determining if the Q_WS_WIN exist failed with the following output:
Change Dir: /home/janis/git/mikroCom/debug/CMakeFiles/CMakeTmp

Run Build Command:/usr/bin/make "cmTryCompileExec807286520/fast"
/usr/bin/make -f CMakeFiles/cmTryCompileExec807286520.dir/build.make CMakeFiles/cmTryCompileExec807286520.dir/build
make[1]: Entering directory `/home/janis/git/mikroCom/debug/CMakeFiles/CMakeTmp'
/usr/bin/cmake -E cmake_progress_report /home/janis/git/mikroCom/debug/CMakeFiles/CMakeTmp/CMakeFiles 1
Building CXX object CMakeFiles/cmTryCompileExec807286520.dir/CheckSymbolExists.cxx.o
/usr/bin/c++    -I/usr/include/qt4    -o CMakeFiles/cmTryCompileExec807286520.dir/CheckSymbolExists.cxx.o -c /home/janis/git/mikroCom/debug/CMakeFiles/CMakeTmp/CheckSymbolExists.cxx
/home/janis/git/mikroCom/debug/CMakeFiles/CMakeTmp/CheckSymbolExists.cxx: In function ‘int main(int, char**)’:
/home/janis/git/mikroCom/debug/CMakeFiles/CMakeTmp/CheckSymbolExists.cxx:8:19: error: ‘Q_WS_WIN’ was not declared in this scope
make[1]: *** [CMakeFiles/cmTryCompileExec807286520.dir/CheckSymbolExists.cxx.o] Error 1
make[1]: Leaving directory `/home/janis/git/mikroCom/debug/CMakeFiles/CMakeTmp'
make: *** [cmTryCompileExec807286520/fast] Error 2

File /home/janis/git/mikroCom/debug/CMakeFiles/CMakeTmp/CheckSymbolExists.cxx:
/* */
#include <QtCore/qglobal.h>

int main(int argc, char** argv)
{
  (void)argv;
#ifndef Q_WS_WIN
  return ((int*)(&Q_WS_WIN))[argc];
#else
  (void)argc;
  return 0;
#endif
}

Determining if the Q_WS_QWS exist failed with the following output:
Change Dir: /home/janis/git/mikroCom/debug/CMakeFiles/CMakeTmp

Run Build Command:/usr/bin/make "cmTryCompileExec2802236079/fast"
/usr/bin/make -f CMakeFiles/cmTryCompileExec2802236079.dir/build.make CMakeFiles/cmTryCompileExec2802236079.dir/build
make[1]: Entering directory `/home/janis/git/mikroCom/debug/CMakeFiles/CMakeTmp'
/usr/bin/cmake -E cmake_progress_report /home/janis/git/mikroCom/debug/CMakeFiles/CMakeTmp/CMakeFiles 1
Building CXX object CMakeFiles/cmTryCompileExec2802236079.dir/CheckSymbolExists.cxx.o
/usr/bin/c++    -I/usr/include/qt4    -o CMakeFiles/cmTryCompileExec2802236079.dir/CheckSymbolExists.cxx.o -c /home/janis/git/mikroCom/debug/CMakeFiles/CMakeTmp/CheckSymbolExists.cxx
/home/janis/git/mikroCom/debug/CMakeFiles/CMakeTmp/CheckSymbolExists.cxx: In function ‘int main(int, char**)’:
/home/janis/git/mikroCom/debug/CMakeFiles/CMakeTmp/CheckSymbolExists.cxx:8:19: error: ‘Q_WS_QWS’ was not declared in this scope
make[1]: *** [CMakeFiles/cmTryCompileExec2802236079.dir/CheckSymbolExists.cxx.o] Error 1
make[1]: Leaving directory `/home/janis/git/mikroCom/debug/CMakeFiles/CMakeTmp'
make: *** [cmTryCompileExec2802236079/fast] Error 2

File /home/janis/git/mikroCom/debug/CMakeFiles/CMakeTmp/CheckSymbolExists.cxx:
/* */
#include <QtCore/qglobal.h>

int main(int argc, char** argv)
{
  (void)argv;
#ifndef Q_WS_QWS
  return ((int*)(&Q_WS_QWS))[argc];
#else
  (void)argc;
  return 0;
#endif
}

Determining if the Q_WS_MAC exist failed with the following output:
Change Dir: /home/janis/git/mikroCom/debug/CMakeFiles/CMakeTmp

Run Build Command:/usr/bin/make "cmTryCompileExec1914546507/fast"
/usr/bin/make -f CMakeFiles/cmTryCompileExec1914546507.dir/build.make CMakeFiles/cmTryCompileExec1914546507.dir/build
make[1]: Entering directory `/home/janis/git/mikroCom/debug/CMakeFiles/CMakeTmp'
/usr/bin/cmake -E cmake_progress_report /home/janis/git/mikroCom/debug/CMakeFiles/CMakeTmp/CMakeFiles 1
Building CXX object CMakeFiles/cmTryCompileExec1914546507.dir/CheckSymbolExists.cxx.o
/usr/bin/c++    -I/usr/include/qt4    -o CMakeFiles/cmTryCompileExec1914546507.dir/CheckSymbolExists.cxx.o -c /home/janis/git/mikroCom/debug/CMakeFiles/CMakeTmp/CheckSymbolExists.cxx
/home/janis/git/mikroCom/debug/CMakeFiles/CMakeTmp/CheckSymbolExists.cxx: In function ‘int main(int, char**)’:
/home/janis/git/mikroCom/debug/CMakeFiles/CMakeTmp/CheckSymbolExists.cxx:8:19: error: ‘Q_WS_MAC’ was not declared in this scope
make[1]: *** [CMakeFiles/cmTryCompileExec1914546507.dir/CheckSymbolExists.cxx.o] Error 1
make[1]: Leaving directory `/home/janis/git/mikroCom/debug/CMakeFiles/CMakeTmp'
make: *** [cmTryCompileExec1914546507/fast] Error 2

File /home/janis/git/mikroCom/debug/CMakeFiles/CMakeTmp/CheckSymbolExists.cxx:
/* */
#include <QtCore/qglobal.h>

int main(int argc, char** argv)
{
  (void)argv;
#ifndef Q_WS_MAC
  return ((int*)(&Q_WS_MAC))[argc];
#else
  (void)argc;
  return 0;
#endif
}

